Library/Bee/Android/Prj/Mono2x/Gradle/launcher/build/intermediates/manifest_merge_blame_file/release/manifest-merger-blame-release-report.txt
1<?xml version="1.0" encoding="utf-8"?>
2<manifest xmlns:android="http://schemas.android.com/apk/res/android"
3    package="com.FOXXYGAMESS.FillingFridge"
4    android:installLocation="preferExternal"
5    android:versionCode="1"
6    android:versionName="0.1" >
7
8    <uses-sdk
9        android:minSdkVersion="22"
9-->src\main\AndroidManifest.xml
10        android:targetSdkVersion="30" />
10-->src\main\AndroidManifest.xml
11
12    <supports-screens
12-->src\main\AndroidManifest.xml:3:3-163
13        android:anyDensity="true"
13-->src\main\AndroidManifest.xml:3:135-160
14        android:largeScreens="true"
14-->src\main\AndroidManifest.xml:3:78-105
15        android:normalScreens="true"
15-->src\main\AndroidManifest.xml:3:49-77
16        android:smallScreens="true"
16-->src\main\AndroidManifest.xml:3:21-48
17        android:xlargeScreens="true" />
17-->src\main\AndroidManifest.xml:3:106-134
18
19    <uses-feature android:glEsVersion="0x00030000" />
19-->[:unityLibrary] AndroidManifest.xml:12:5-54
19-->[:unityLibrary] AndroidManifest.xml:12:19-51
20    <uses-feature
20-->[:unityLibrary] AndroidManifest.xml:13:5-15:36
21        android:name="android.hardware.vulkan.version"
21-->[:unityLibrary] AndroidManifest.xml:14:9-55
22        android:required="false" />
22-->[:unityLibrary] AndroidManifest.xml:15:9-33
23
24    <uses-permission android:name="android.permission.INTERNET" />
24-->[:unityLibrary] AndroidManifest.xml:17:5-67
24-->[:unityLibrary] AndroidManifest.xml:17:22-64
25    <uses-permission android:name="android.permission.ACCESS_NETWORK_STATE" />
25-->[:unityLibrary] AndroidManifest.xml:18:5-79
25-->[:unityLibrary] AndroidManifest.xml:18:22-76
26
27    <uses-feature
27-->[:unityLibrary] AndroidManifest.xml:20:5-22:36
28        android:name="android.hardware.touchscreen"
28-->[:unityLibrary] AndroidManifest.xml:21:9-52
29        android:required="false" />
29-->[:unityLibrary] AndroidManifest.xml:22:9-33
30    <uses-feature
30-->[:unityLibrary] AndroidManifest.xml:23:5-25:36
31        android:name="android.hardware.touchscreen.multitouch"
31-->[:unityLibrary] AndroidManifest.xml:24:9-63
32        android:required="false" />
32-->[:unityLibrary] AndroidManifest.xml:25:9-33
33    <uses-feature
33-->[:unityLibrary] AndroidManifest.xml:26:5-28:36
34        android:name="android.hardware.touchscreen.multitouch.distinct"
34-->[:unityLibrary] AndroidManifest.xml:27:9-72
35        android:required="false" />
35-->[:unityLibrary] AndroidManifest.xml:28:9-33
36
37    <uses-permission android:name="com.google.android.gms.permission.AD_ID" /> <!-- Android package visibility setting -->
37-->[:com.google.android.gms.play-services-ads-lite-22.0.0:] AndroidManifest.xml:22:3-77
37-->[:com.google.android.gms.play-services-ads-lite-22.0.0:] AndroidManifest.xml:22:20-74
38    <queries>
38-->[:com.google.android.gms.play-services-ads-lite-22.0.0:] AndroidManifest.xml:25:3-38:13
39
40        <!-- For browser content -->
41        <intent>
41-->[:com.google.android.gms.play-services-ads-lite-22.0.0:] AndroidManifest.xml:27:5-31:14
42            <action android:name="android.intent.action.VIEW" />
42-->[:com.google.android.gms.play-services-ads-lite-22.0.0:] AndroidManifest.xml:28:7-59
42-->[:com.google.android.gms.play-services-ads-lite-22.0.0:] AndroidManifest.xml:28:15-56
43
44            <category android:name="android.intent.category.BROWSABLE" />
44-->[:com.google.android.gms.play-services-ads-lite-22.0.0:] AndroidManifest.xml:29:7-68
44-->[:com.google.android.gms.play-services-ads-lite-22.0.0:] AndroidManifest.xml:29:17-65
45
46            <data android:scheme="https" />
46-->[:com.google.android.gms.play-services-ads-lite-22.0.0:] AndroidManifest.xml:30:7-38
46-->[:com.google.android.gms.play-services-ads-lite-22.0.0:] AndroidManifest.xml:30:13-35
47        </intent>
48        <!-- End of browser content -->
49        <!-- For CustomTabsService -->
50        <intent>
50-->[:com.google.android.gms.play-services-ads-lite-22.0.0:] AndroidManifest.xml:27:5-31:14
51            <action android:name="android.support.customtabs.action.CustomTabsService" />
52        </intent>
53        <!-- End of CustomTabsService -->
54    </queries>
55
56    <uses-permission android:name="android.permission.WAKE_LOCK" />
56-->[:com.google.android.gms.play-services-measurement-sdk-api-20.1.2:] AndroidManifest.xml:25:5-68
56-->[:com.google.android.gms.play-services-measurement-sdk-api-20.1.2:] AndroidManifest.xml:25:22-65
57    <uses-permission android:name="android.permission.FOREGROUND_SERVICE" />
57-->[:androidx.work.work-runtime-2.7.0:] AndroidManifest.xml:22:3-75
57-->[:androidx.work.work-runtime-2.7.0:] AndroidManifest.xml:22:20-72
58
59    <application
59-->src\main\AndroidManifest.xml:4:3-83
60        android:appComponentFactory="androidx.core.app.CoreComponentFactory"
60-->[:androidx.core.core-1.6.0:] AndroidManifest.xml:24:18-86
61        android:extractNativeLibs="true"
61-->[:unityLibrary] AndroidManifest.xml:30:18-50
62        android:icon="@mipmap/app_icon"
62-->src\main\AndroidManifest.xml:4:49-80
63        android:label="@string/app_name" >
63-->src\main\AndroidManifest.xml:4:16-48
64        <activity
64-->[:unityLibrary] AndroidManifest.xml:31:9-51:20
65            android:name="com.unity3d.player.UnityPlayerActivity"
65-->[:unityLibrary] AndroidManifest.xml:32:13-66
66            android:configChanges="mcc|mnc|locale|touchscreen|keyboard|keyboardHidden|navigation|orientation|screenLayout|uiMode|screenSize|smallestScreenSize|fontScale|layoutDirection|density"
66-->[:unityLibrary] AndroidManifest.xml:33:13-194
67            android:hardwareAccelerated="false"
67-->[:unityLibrary] AndroidManifest.xml:34:13-48
68            android:launchMode="singleTask"
68-->[:unityLibrary] AndroidManifest.xml:35:13-44
69            android:resizeableActivity="false"
69-->[:unityLibrary] AndroidManifest.xml:36:13-47
70            android:screenOrientation="userPortrait"
70-->[:unityLibrary] AndroidManifest.xml:37:13-53
71            android:theme="@style/UnityThemeSelector" >
71-->[:unityLibrary] AndroidManifest.xml:38:13-54
72            <intent-filter>
72-->[:unityLibrary] AndroidManifest.xml:39:13-43:29
73                <action android:name="android.intent.action.MAIN" />
73-->[:unityLibrary] AndroidManifest.xml:40:17-69
73-->[:unityLibrary] AndroidManifest.xml:40:25-66
74
75                <category android:name="android.intent.category.LAUNCHER" />
75-->[:unityLibrary] AndroidManifest.xml:42:17-77
75-->[:unityLibrary] AndroidManifest.xml:42:27-74
76            </intent-filter>
77
78            <meta-data
78-->[:unityLibrary] AndroidManifest.xml:45:13-47:40
79                android:name="unityplayer.UnityActivity"
79-->[:unityLibrary] AndroidManifest.xml:46:17-57
80                android:value="true" />
80-->[:unityLibrary] AndroidManifest.xml:47:17-37
81            <meta-data
81-->[:unityLibrary] AndroidManifest.xml:48:13-50:40
82                android:name="android.notch_support"
82-->[:unityLibrary] AndroidManifest.xml:49:17-53
83                android:value="true" />
83-->[:unityLibrary] AndroidManifest.xml:50:17-37
84        </activity>
85
86        <meta-data
86-->[:unityLibrary] AndroidManifest.xml:53:9-55:33
87            android:name="unity.splash-mode"
87-->[:unityLibrary] AndroidManifest.xml:54:13-45
88            android:value="0" />
88-->[:unityLibrary] AndroidManifest.xml:55:13-30
89        <meta-data
89-->[:unityLibrary] AndroidManifest.xml:56:9-58:36
90            android:name="unity.splash-enable"
90-->[:unityLibrary] AndroidManifest.xml:57:13-47
91            android:value="True" />
91-->[:unityLibrary] AndroidManifest.xml:58:13-33
92        <meta-data
92-->[:unityLibrary] AndroidManifest.xml:59:9-61:36
93            android:name="unity.launch-fullscreen"
93-->[:unityLibrary] AndroidManifest.xml:60:13-51
94            android:value="True" />
94-->[:unityLibrary] AndroidManifest.xml:61:13-33
95        <meta-data
95-->[:unityLibrary] AndroidManifest.xml:62:9-64:37
96            android:name="unity.allow-resizable-window"
96-->[:unityLibrary] AndroidManifest.xml:63:13-56
97            android:value="False" />
97-->[:unityLibrary] AndroidManifest.xml:64:13-34
98        <meta-data
98-->[:unityLibrary] AndroidManifest.xml:65:9-67:50
99            android:name="notch.config"
99-->[:unityLibrary] AndroidManifest.xml:66:13-40
100            android:value="portrait|landscape" />
100-->[:unityLibrary] AndroidManifest.xml:67:13-47
101
102        <service
102-->[:androidx.room.room-runtime-2.2.5:] AndroidManifest.xml:25:9-28:40
103            android:name="androidx.room.MultiInstanceInvalidationService"
103-->[:androidx.room.room-runtime-2.2.5:] AndroidManifest.xml:26:13-74
104            android:directBootAware="true"
104-->[:androidx.room.room-runtime-2.2.5:] AndroidManifest.xml:27:13-43
105            android:exported="false" />
105-->[:androidx.room.room-runtime-2.2.5:] AndroidManifest.xml:28:13-37
106
107        <meta-data
107-->[:com.google.android.gms.play-services-basement-18.0.0:] AndroidManifest.xml:21:9-23:69
108            android:name="com.google.android.gms.version"
108-->[:com.google.android.gms.play-services-basement-18.0.0:] AndroidManifest.xml:22:13-58
109            android:value="@integer/google_play_services_version" />
109-->[:com.google.android.gms.play-services-basement-18.0.0:] AndroidManifest.xml:23:13-66
110
111        <activity
111-->[:com.google.android.gms.play-services-base-18.0.0:] AndroidManifest.xml:20:9-22:45
112            android:name="com.google.android.gms.common.api.GoogleApiActivity"
112-->[:com.google.android.gms.play-services-base-18.0.0:] AndroidManifest.xml:20:19-85
113            android:exported="false"
113-->[:com.google.android.gms.play-services-base-18.0.0:] AndroidManifest.xml:22:19-43
114            android:theme="@android:style/Theme.Translucent.NoTitleBar" /> <!-- Include the AdActivity and InAppPurchaseActivity configChanges and themes. -->
114-->[:com.google.android.gms.play-services-base-18.0.0:] AndroidManifest.xml:21:19-78
115        <activity
115-->[:com.google.android.gms.play-services-ads-lite-22.0.0:] AndroidManifest.xml:41:5-282
116            android:name="com.google.android.gms.ads.AdActivity"
116-->[:com.google.android.gms.play-services-ads-lite-22.0.0:] AndroidManifest.xml:41:15-67
117            android:configChanges="keyboard|keyboardHidden|orientation|screenLayout|uiMode|screenSize|smallestScreenSize"
117-->[:com.google.android.gms.play-services-ads-lite-22.0.0:] AndroidManifest.xml:41:68-177
118            android:exported="false"
118-->[:com.google.android.gms.play-services-ads-lite-22.0.0:] AndroidManifest.xml:41:178-202
119            android:theme="@android:style/Theme.Translucent" />
119-->[:com.google.android.gms.play-services-ads-lite-22.0.0:] AndroidManifest.xml:41:203-251
120
121        <provider
121-->[:com.google.android.gms.play-services-ads-lite-22.0.0:] AndroidManifest.xml:42:5-232
122            android:name="com.google.android.gms.ads.MobileAdsInitProvider"
122-->[:com.google.android.gms.play-services-ads-lite-22.0.0:] AndroidManifest.xml:42:15-78
123            android:authorities="com.FOXXYGAMESS.FillingFridge.mobileadsinitprovider"
123-->[:com.google.android.gms.play-services-ads-lite-22.0.0:] AndroidManifest.xml:42:79-152
124            android:exported="false"
124-->[:com.google.android.gms.play-services-ads-lite-22.0.0:] AndroidManifest.xml:42:153-177
125            android:initOrder="100" />
125-->[:com.google.android.gms.play-services-ads-lite-22.0.0:] AndroidManifest.xml:42:178-201
126
127        <service
127-->[:com.google.android.gms.play-services-ads-lite-22.0.0:] AndroidManifest.xml:43:5-144
128            android:name="com.google.android.gms.ads.AdService"
128-->[:com.google.android.gms.play-services-ads-lite-22.0.0:] AndroidManifest.xml:43:14-65
129            android:enabled="true"
129-->[:com.google.android.gms.play-services-ads-lite-22.0.0:] AndroidManifest.xml:43:66-88
130            android:exported="false" />
130-->[:com.google.android.gms.play-services-ads-lite-22.0.0:] AndroidManifest.xml:43:89-113
131
132        <activity
132-->[:com.google.android.gms.play-services-ads-lite-22.0.0:] AndroidManifest.xml:44:5-250
133            android:name="com.google.android.gms.ads.OutOfContextTestingActivity"
133-->[:com.google.android.gms.play-services-ads-lite-22.0.0:] AndroidManifest.xml:44:15-84
134            android:configChanges="keyboard|keyboardHidden|orientation|screenLayout|uiMode|screenSize|smallestScreenSize"
134-->[:com.google.android.gms.play-services-ads-lite-22.0.0:] AndroidManifest.xml:44:85-194
135            android:exported="false" />
135-->[:com.google.android.gms.play-services-ads-lite-22.0.0:] AndroidManifest.xml:44:195-219
136
137        <provider
137-->[:androidx.startup.startup-runtime-1.0.0:] AndroidManifest.xml:20:5-185
138            android:name="androidx.startup.InitializationProvider"
138-->[:androidx.startup.startup-runtime-1.0.0:] AndroidManifest.xml:20:15-69
139            android:authorities="com.FOXXYGAMESS.FillingFridge.androidx-startup"
139-->[:androidx.startup.startup-runtime-1.0.0:] AndroidManifest.xml:20:70-138
140            android:exported="false" >
140-->[:androidx.startup.startup-runtime-1.0.0:] AndroidManifest.xml:20:139-163
141            <meta-data
141-->[:androidx.work.work-runtime-2.7.0:] AndroidManifest.xml:25:7-105
142                android:name="androidx.work.WorkManagerInitializer"
142-->[:androidx.work.work-runtime-2.7.0:] AndroidManifest.xml:25:18-69
143                android:value="androidx.startup" />
143-->[:androidx.work.work-runtime-2.7.0:] AndroidManifest.xml:25:70-102
144        </provider>
145
146        <service
146-->[:androidx.work.work-runtime-2.7.0:] AndroidManifest.xml:27:5-229
147            android:name="androidx.work.impl.background.systemalarm.SystemAlarmService"
147-->[:androidx.work.work-runtime-2.7.0:] AndroidManifest.xml:27:14-89
148            android:directBootAware="false"
148-->[:androidx.work.work-runtime-2.7.0:] AndroidManifest.xml:27:90-121
149            android:enabled="@bool/enable_system_alarm_service_default"
149-->[:androidx.work.work-runtime-2.7.0:] AndroidManifest.xml:27:122-181
150            android:exported="false" />
150-->[:androidx.work.work-runtime-2.7.0:] AndroidManifest.xml:27:182-206
151        <service
151-->[:androidx.work.work-runtime-2.7.0:] AndroidManifest.xml:28:5-279
152            android:name="androidx.work.impl.background.systemjob.SystemJobService"
152-->[:androidx.work.work-runtime-2.7.0:] AndroidManifest.xml:28:14-85
153            android:directBootAware="false"
153-->[:androidx.work.work-runtime-2.7.0:] AndroidManifest.xml:28:86-117
154            android:enabled="@bool/enable_system_job_service_default"
154-->[:androidx.work.work-runtime-2.7.0:] AndroidManifest.xml:28:118-175
155            android:exported="true"
155-->[:androidx.work.work-runtime-2.7.0:] AndroidManifest.xml:28:176-199
156            android:permission="android.permission.BIND_JOB_SERVICE" />
156-->[:androidx.work.work-runtime-2.7.0:] AndroidManifest.xml:28:200-256
157        <service
157-->[:androidx.work.work-runtime-2.7.0:] AndroidManifest.xml:29:5-227
158            android:name="androidx.work.impl.foreground.SystemForegroundService"
158-->[:androidx.work.work-runtime-2.7.0:] AndroidManifest.xml:29:14-82
159            android:directBootAware="false"
159-->[:androidx.work.work-runtime-2.7.0:] AndroidManifest.xml:29:83-114
160            android:enabled="@bool/enable_system_foreground_service_default"
160-->[:androidx.work.work-runtime-2.7.0:] AndroidManifest.xml:29:115-179
161            android:exported="false" />
161-->[:androidx.work.work-runtime-2.7.0:] AndroidManifest.xml:29:180-204
162
163        <receiver
163-->[:androidx.work.work-runtime-2.7.0:] AndroidManifest.xml:30:5-193
164            android:name="androidx.work.impl.utils.ForceStopRunnable$BroadcastReceiver"
164-->[:androidx.work.work-runtime-2.7.0:] AndroidManifest.xml:30:15-90
165            android:directBootAware="false"
165-->[:androidx.work.work-runtime-2.7.0:] AndroidManifest.xml:30:91-122
166            android:enabled="true"
166-->[:androidx.work.work-runtime-2.7.0:] AndroidManifest.xml:30:123-145
167            android:exported="false" />
167-->[:androidx.work.work-runtime-2.7.0:] AndroidManifest.xml:30:146-170
168        <receiver
168-->[:androidx.work.work-runtime-2.7.0:] AndroidManifest.xml:31:5-36:16
169            android:name="androidx.work.impl.background.systemalarm.ConstraintProxy$BatteryChargingProxy"
169-->[:androidx.work.work-runtime-2.7.0:] AndroidManifest.xml:31:15-108
170            android:directBootAware="false"
170-->[:androidx.work.work-runtime-2.7.0:] AndroidManifest.xml:31:109-140
171            android:enabled="false"
171-->[:androidx.work.work-runtime-2.7.0:] AndroidManifest.xml:31:141-164
172            android:exported="false" >
172-->[:androidx.work.work-runtime-2.7.0:] AndroidManifest.xml:31:165-189
173            <intent-filter>
173-->[:androidx.work.work-runtime-2.7.0:] AndroidManifest.xml:32:7-35:23
174                <action android:name="android.intent.action.ACTION_POWER_CONNECTED" />
174-->[:androidx.work.work-runtime-2.7.0:] AndroidManifest.xml:33:9-79
174-->[:androidx.work.work-runtime-2.7.0:] AndroidManifest.xml:33:17-76
175                <action android:name="android.intent.action.ACTION_POWER_DISCONNECTED" />
175-->[:androidx.work.work-runtime-2.7.0:] AndroidManifest.xml:34:9-82
175-->[:androidx.work.work-runtime-2.7.0:] AndroidManifest.xml:34:17-79
176            </intent-filter>
177        </receiver>
178        <receiver
178-->[:androidx.work.work-runtime-2.7.0:] AndroidManifest.xml:37:5-42:16
179            android:name="androidx.work.impl.background.systemalarm.ConstraintProxy$BatteryNotLowProxy"
179-->[:androidx.work.work-runtime-2.7.0:] AndroidManifest.xml:37:15-106
180            android:directBootAware="false"
180-->[:androidx.work.work-runtime-2.7.0:] AndroidManifest.xml:37:107-138
181            android:enabled="false"
181-->[:androidx.work.work-runtime-2.7.0:] AndroidManifest.xml:37:139-162
182            android:exported="false" >
182-->[:androidx.work.work-runtime-2.7.0:] AndroidManifest.xml:37:163-187
183            <intent-filter>
183-->[:androidx.work.work-runtime-2.7.0:] AndroidManifest.xml:38:7-41:23
184                <action android:name="android.intent.action.BATTERY_OKAY" />
184-->[:androidx.work.work-runtime-2.7.0:] AndroidManifest.xml:39:9-69
184-->[:androidx.work.work-runtime-2.7.0:] AndroidManifest.xml:39:17-66
185                <action android:name="android.intent.action.BATTERY_LOW" />
185-->[:androidx.work.work-runtime-2.7.0:] AndroidManifest.xml:40:9-68
185-->[:androidx.work.work-runtime-2.7.0:] AndroidManifest.xml:40:17-65
186            </intent-filter>
187        </receiver>
188        <receiver
188-->[:androidx.work.work-runtime-2.7.0:] AndroidManifest.xml:43:5-48:16
189            android:name="androidx.work.impl.background.systemalarm.ConstraintProxy$StorageNotLowProxy"
189-->[:androidx.work.work-runtime-2.7.0:] AndroidManifest.xml:43:15-106
190            android:directBootAware="false"
190-->[:androidx.work.work-runtime-2.7.0:] AndroidManifest.xml:43:107-138
191            android:enabled="false"
191-->[:androidx.work.work-runtime-2.7.0:] AndroidManifest.xml:43:139-162
192            android:exported="false" >
192-->[:androidx.work.work-runtime-2.7.0:] AndroidManifest.xml:43:163-187
193            <intent-filter>
193-->[:androidx.work.work-runtime-2.7.0:] AndroidManifest.xml:44:7-47:23
194                <action android:name="android.intent.action.DEVICE_STORAGE_LOW" />
194-->[:androidx.work.work-runtime-2.7.0:] AndroidManifest.xml:45:9-75
194-->[:androidx.work.work-runtime-2.7.0:] AndroidManifest.xml:45:17-72
195                <action android:name="android.intent.action.DEVICE_STORAGE_OK" />
195-->[:androidx.work.work-runtime-2.7.0:] AndroidManifest.xml:46:9-74
195-->[:androidx.work.work-runtime-2.7.0:] AndroidManifest.xml:46:17-71
196            </intent-filter>
197        </receiver>
198        <receiver
198-->[:androidx.work.work-runtime-2.7.0:] AndroidManifest.xml:49:5-53:16
199            android:name="androidx.work.impl.background.systemalarm.ConstraintProxy$NetworkStateProxy"
199-->[:androidx.work.work-runtime-2.7.0:] AndroidManifest.xml:49:15-105
200            android:directBootAware="false"
200-->[:androidx.work.work-runtime-2.7.0:] AndroidManifest.xml:49:106-137
201            android:enabled="false"
201-->[:androidx.work.work-runtime-2.7.0:] AndroidManifest.xml:49:138-161
202            android:exported="false" >
202-->[:androidx.work.work-runtime-2.7.0:] AndroidManifest.xml:49:162-186
203            <intent-filter>
203-->[:androidx.work.work-runtime-2.7.0:] AndroidManifest.xml:50:7-52:23
204                <action android:name="android.net.conn.CONNECTIVITY_CHANGE" />
204-->[:androidx.work.work-runtime-2.7.0:] AndroidManifest.xml:51:9-71
204-->[:androidx.work.work-runtime-2.7.0:] AndroidManifest.xml:51:17-68
205            </intent-filter>
206        </receiver>
207        <receiver
207-->[:androidx.work.work-runtime-2.7.0:] AndroidManifest.xml:54:5-60:16
208            android:name="androidx.work.impl.background.systemalarm.RescheduleReceiver"
208-->[:androidx.work.work-runtime-2.7.0:] AndroidManifest.xml:54:15-90
209            android:directBootAware="false"
209-->[:androidx.work.work-runtime-2.7.0:] AndroidManifest.xml:54:91-122
210            android:enabled="false"
210-->[:androidx.work.work-runtime-2.7.0:] AndroidManifest.xml:54:123-146
211            android:exported="false" >
211-->[:androidx.work.work-runtime-2.7.0:] AndroidManifest.xml:54:147-171
212            <intent-filter>
212-->[:androidx.work.work-runtime-2.7.0:] AndroidManifest.xml:55:7-59:23
213                <action android:name="android.intent.action.BOOT_COMPLETED" />
213-->[:androidx.work.work-runtime-2.7.0:] AndroidManifest.xml:56:9-71
213-->[:androidx.work.work-runtime-2.7.0:] AndroidManifest.xml:56:17-68
214                <action android:name="android.intent.action.TIME_SET" />
214-->[:androidx.work.work-runtime-2.7.0:] AndroidManifest.xml:57:9-65
214-->[:androidx.work.work-runtime-2.7.0:] AndroidManifest.xml:57:17-62
215                <action android:name="android.intent.action.TIMEZONE_CHANGED" />
215-->[:androidx.work.work-runtime-2.7.0:] AndroidManifest.xml:58:9-73
215-->[:androidx.work.work-runtime-2.7.0:] AndroidManifest.xml:58:17-70
216            </intent-filter>
217        </receiver>
218        <receiver
218-->[:androidx.work.work-runtime-2.7.0:] AndroidManifest.xml:61:5-65:16
219            android:name="androidx.work.impl.background.systemalarm.ConstraintProxyUpdateReceiver"
219-->[:androidx.work.work-runtime-2.7.0:] AndroidManifest.xml:61:15-101
220            android:directBootAware="false"
220-->[:androidx.work.work-runtime-2.7.0:] AndroidManifest.xml:61:102-133
221            android:enabled="@bool/enable_system_alarm_service_default"
221-->[:androidx.work.work-runtime-2.7.0:] AndroidManifest.xml:61:134-193
222            android:exported="false" >
222-->[:androidx.work.work-runtime-2.7.0:] AndroidManifest.xml:61:194-218
223            <intent-filter>
223-->[:androidx.work.work-runtime-2.7.0:] AndroidManifest.xml:62:7-64:23
224                <action android:name="androidx.work.impl.background.systemalarm.UpdateProxies" />
224-->[:androidx.work.work-runtime-2.7.0:] AndroidManifest.xml:63:9-90
224-->[:androidx.work.work-runtime-2.7.0:] AndroidManifest.xml:63:17-87
225            </intent-filter>
226        </receiver>
227        <receiver
227-->[:androidx.work.work-runtime-2.7.0:] AndroidManifest.xml:66:5-70:16
228            android:name="androidx.work.impl.diagnostics.DiagnosticsReceiver"
228-->[:androidx.work.work-runtime-2.7.0:] AndroidManifest.xml:66:15-80
229            android:directBootAware="false"
229-->[:androidx.work.work-runtime-2.7.0:] AndroidManifest.xml:66:81-112
230            android:enabled="true"
230-->[:androidx.work.work-runtime-2.7.0:] AndroidManifest.xml:66:113-135
231            android:exported="true"
231-->[:androidx.work.work-runtime-2.7.0:] AndroidManifest.xml:66:136-159
232            android:permission="android.permission.DUMP" >
232-->[:androidx.work.work-runtime-2.7.0:] AndroidManifest.xml:66:160-204
233            <intent-filter>
233-->[:androidx.work.work-runtime-2.7.0:] AndroidManifest.xml:67:7-69:23
234                <action android:name="androidx.work.diagnostics.REQUEST_DIAGNOSTICS" />
234-->[:androidx.work.work-runtime-2.7.0:] AndroidManifest.xml:68:9-80
234-->[:androidx.work.work-runtime-2.7.0:] AndroidManifest.xml:68:17-77
235            </intent-filter>
236        </receiver>
237
238        <uses-library
238-->[:unityLibrary:GoogleMobileAdsPlugin.androidlib] AndroidManifest.xml:17:9-19:40
239            android:name="org.apache.http.legacy"
239-->[:unityLibrary:GoogleMobileAdsPlugin.androidlib] AndroidManifest.xml:18:13-50
240            android:required="false" />
240-->[:unityLibrary:GoogleMobileAdsPlugin.androidlib] AndroidManifest.xml:19:13-37
241    </application>
242
243</manifest>